# JRE version: Java(TM) SE Runtime Environment (8.0_111-b14) (build 1.8.0_111-b14)
# Java VM: Java HotSpot(TM) Client VM (25.111-b14 mixed mode windows-x86 )
Heap:
 def new generation   total 58560K, used 36373K [0x06600000, 0x0a580000, 0x0bb50000)
  eden space 52096K,  69% used [0x06600000, 0x08985570, 0x098e0000)
  from space 6464K,   0% used [0x098e0000, 0x098e0000, 0x09f30000)
  to   space 6464K,   0% used [0x09f30000, 0x09f30000, 0x0a580000)
 tenured generation   total 129932K, used 77958K [0x0bb50000, 0x13a33000, 0x16600000)
   the space 129932K,  59% used [0x0bb50000, 0x10771b18, 0x10771c00, 0x13a33000)
 Metaspace       used 13672K, capacity 14121K, committed 14208K, reserved 14720K
GC Heap History (10 events):
Event: 7.738 GC heap before
{Heap before GC invocations=14 (full 5):
 def new generation   total 54208K, used 34834K [0x06600000, 0x0a0d0000, 0x0bb50000)
  eden space 48192K,  72% used [0x06600000, 0x088049f0, 0x09510000)
  from space 6016K,   0% used [0x09510000, 0x09510000, 0x09af0000)
  to   space 6016K,   0% used [0x09af0000, 0x09af0000, 0x0a0d0000)
 tenured generation   total 120376K, used 38306K [0x0bb50000, 0x130de000, 0x16600000)
   the space 120376K,  31% used [0x0bb50000, 0x0e0b8858, 0x0e0b8a00, 0x130de000)
 Metaspace       used 11569K, capacity 11922K, committed 12032K, reserved 12672K
Event: 7.767 GC heap after
Heap after GC invocations=15 (full 5):
 def new generation   total 54208K, used 2K [0x06600000, 0x0a0d0000, 0x0bb50000)
  eden space 48192K,   0% used [0x06600000, 0x06600000, 0x09510000)
  from space 6016K,   0% used [0x09af0000, 0x09af0b98, 0x0a0d0000)
  to   space 6016K,   0% used [0x09510000, 0x09510000, 0x09af0000)
 tenured generation   total 120376K, used 72224K [0x0bb50000, 0x130de000, 0x16600000)
   the space 120376K,  59% used [0x0bb50000, 0x101d8368, 0x101d8400, 0x130de000)
 Metaspace       used 11569K, capacity 11922K, committed 12032K, reserved 12672K
}
Event: 8.144 GC heap before
{Heap before GC invocations=15 (full 5):
 def new generation   total 54208K, used 48194K [0x06600000, 0x0a0d0000, 0x0bb50000)
  eden space 48192K, 100% used [0x06600000, 0x09510000, 0x09510000)
  from space 6016K,   0% used [0x09af0000, 0x09af0b98, 0x0a0d0000)
  to   space 6016K,   0% used [0x09510000, 0x09510000, 0x09af0000)
 tenured generation   total 120376K, used 72224K [0x0bb50000, 0x130de000, 0x16600000)
   the space 120376K,  59% used [0x0bb50000, 0x101d8368, 0x101d8400, 0x130de000)
 Metaspace       used 11823K, capacity 12161K, committed 12288K, reserved 12672K
Event: 8.151 GC heap after
Heap after GC invocations=16 (full 5):
 def new generation   total 54208K, used 1847K [0x06600000, 0x0a0d0000, 0x0bb50000)
  eden space 48192K,   0% used [0x06600000, 0x06600000, 0x09510000)
  from space 6016K,  30% used [0x09510000, 0x096ddd20, 0x09af0000)
  to   space 6016K,   0% used [0x09af0000, 0x09af0000, 0x0a0d0000)
 tenured generation   total 120376K, used 72224K [0x0bb50000, 0x130de000, 0x16600000)
   the space 120376K,  59% used [0x0bb50000, 0x101d8368, 0x101d8400, 0x130de000)
 Metaspace       used 11823K, capacity 12161K, committed 12288K, reserved 12672K
}
Event: 8.653 GC heap before
{Heap before GC invocations=16 (full 5):
 def new generation   total 54208K, used 17225K [0x06600000, 0x0a0d0000, 0x0bb50000)
  eden space 48192K,  31% used [0x06600000, 0x07504780, 0x09510000)
  from space 6016K,  30% used [0x09510000, 0x096ddd20, 0x09af0000)
  to   space 6016K,   0% used [0x09af0000, 0x09af0000, 0x0a0d0000)
 tenured generation   total 120376K, used 72224K [0x0bb50000, 0x130de000, 0x16600000)
   the space 120376K,  59% used [0x0bb50000, 0x101d8368, 0x101d8400, 0x130de000)
 Metaspace       used 12613K, capacity 12981K, committed 13056K, reserved 13696K
Event: 8.694 GC heap after
Heap after GC invocations=17 (full 6):
 def new generation   total 50112K, used 0K [0x06600000, 0x09c60000, 0x0bb50000)
  eden space 44544K,   0% used [0x06600000, 0x06600000, 0x09180000)
  from space 5568K,   0% used [0x09180000, 0x09180000, 0x096f0000)
  to   space 5568K,   0% used [0x096f0000, 0x096f0000, 0x09c60000)
 tenured generation   total 111184K, used 8524K [0x0bb50000, 0x127e4000, 0x16600000)
   the space 111184K,   7% used [0x0bb50000, 0x0c3a3350, 0x0c3a3400, 0x127e4000)
 Metaspace       used 12613K, capacity 12981K, committed 13056K, reserved 13696K
}
Event: 9.869 GC heap before
{Heap before GC invocations=17 (full 6):
 def new generation   total 50112K, used 1737K [0x06600000, 0x09c60000, 0x0bb50000)
  eden space 44544K,   3% used [0x06600000, 0x067b2638, 0x09180000)
  from space 5568K,   0% used [0x09180000, 0x09180000, 0x096f0000)
  to   space 5568K,   0% used [0x096f0000, 0x096f0000, 0x09c60000)
 tenured generation   total 111184K, used 8524K [0x0bb50000, 0x127e4000, 0x16600000)
   the space 111184K,   7% used [0x0bb50000, 0x0c3a3350, 0x0c3a3400, 0x127e4000)
 Metaspace       used 12691K, capacity 13065K, committed 13184K, reserved 13696K
Event: 9.909 GC heap after
Heap after GC invocations=18 (full 7):
 def new generation   total 35328K, used 0K [0x06600000, 0x08c50000, 0x0bb50000)
  eden space 31424K,   0% used [0x06600000, 0x06600000, 0x084b0000)
  from space 3904K,   0% used [0x084b0000, 0x084b0000, 0x08880000)
  to   space 3904K,   0% used [0x08880000, 0x08880000, 0x08c50000)
 tenured generation   total 78272K, used 8670K [0x0bb50000, 0x107c0000, 0x16600000)
   the space 78272K,  11% used [0x0bb50000, 0x0c3c7880, 0x0c3c7a00, 0x107c0000)
 Metaspace       used 12691K, capacity 13065K, committed 13184K, reserved 13696K
}
Event: 14.706 GC heap before
{Heap before GC invocations=18 (full 7):
 def new generation   total 35328K, used 26713K [0x06600000, 0x08c50000, 0x0bb50000)
  eden space 31424K,  85% used [0x06600000, 0x08016768, 0x084b0000)
  from space 3904K,   0% used [0x084b0000, 0x084b0000, 0x08880000)
  to   space 3904K,   0% used [0x08880000, 0x08880000, 0x08c50000)
 tenured generation   total 78272K, used 76507K [0x0bb50000, 0x107c0000, 0x16600000)
   the space 78272K,  97% used [0x0bb50000, 0x10606ea0, 0x10607000, 0x107c0000)
 Metaspace       used 13664K, capacity 14121K, committed 14208K, reserved 14720K
Event: 14.794 GC heap after
Heap after GC invocations=19 (full 8):
 def new generation   total 58560K, used 0K [0x06600000, 0x0a580000, 0x0bb50000)
  eden space 52096K,   0% used [0x06600000, 0x06600000, 0x098e0000)
  from space 6464K,   0% used [0x098e0000, 0x098e0000, 0x09f30000)
  to   space 6464K,   0% used [0x09f30000, 0x09f30000, 0x0a580000)
 tenured generation   total 129932K, used 77958K [0x0bb50000, 0x13a33000, 0x16600000)
   the space 129932K,  59% used [0x0bb50000, 0x10771b18, 0x10771c00, 0x13a33000)
 Metaspace       used 13664K, capacity 14121K, committed 14208K, reserved 14720K
}

